[2025-04-09T06:14:56.933Z] INFO: Fetching user with username: test3
[2025-04-09T06:14:57.185Z] INFO: Fetching user with username: test3
[2025-04-09T06:14:57.572Z] INFO: Fetching user with username: test3
[2025-04-09T06:14:57.630Z] INFO: User logged in: test3
[2025-04-09T06:16:11.091Z] INFO: Fetched flashcard set names for user USER#05a36378-3c64-46b6-b73f-46495a929d7c: test1
[2025-04-09T06:16:11.091Z] INFO: Retrieved all flashcard sets for user: USER#05a36378-3c64-46b6-b73f-46495a929d7c
[2025-04-09T06:17:20.480Z] INFO: Fetching user with username: test3
[2025-04-09T06:17:20.669Z] INFO: Fetching user with username: test3
[2025-04-09T06:17:20.868Z] INFO: Fetching user with username: test3
[2025-04-09T06:17:20.925Z] INFO: User logged in: test3
[2025-04-09T06:17:26.699Z] INFO: Fetching user with username: test3
[2025-04-09T06:17:26.707Z] INFO: User fetched: test3
[2025-04-09T06:17:26.711Z] INFO: User fetched: test3
[2025-04-09T06:17:26.747Z] INFO: Fetching profile picture with key: profile-pictures/USER#05a36378-3c64-46b6-b73f-46495a929d7c.jpg
[2025-04-09T06:17:26.767Z] INFO: Profile picture retrieved successfully for user: test3
[2025-04-09T06:17:26.773Z] INFO: Fetching user with username: test3
[2025-04-09T06:17:26.818Z] INFO: Fetching profile picture with key: profile-pictures/USER#05a36378-3c64-46b6-b73f-46495a929d7c.jpg
[2025-04-09T06:17:26.821Z] INFO: Profile picture retrieved successfully for user: test3
[2025-04-09T06:17:34.951Z] INFO: Fetched flashcard set names for user USER#05a36378-3c64-46b6-b73f-46495a929d7c: test1
[2025-04-09T06:17:34.952Z] INFO: Retrieved all flashcard sets for user: USER#05a36378-3c64-46b6-b73f-46495a929d7c
[2025-04-09T06:17:35.199Z] INFO: Fetched flashcard set names for user USER#05a36378-3c64-46b6-b73f-46495a929d7c: test1
[2025-04-09T06:17:35.199Z] INFO: Retrieved all flashcard sets for user: USER#05a36378-3c64-46b6-b73f-46495a929d7c
[2025-04-09T06:17:40.581Z] INFO: User fetched: test3
[2025-04-09T06:17:40.584Z] INFO: Fetching user with username: test3
[2025-04-09T06:17:40.587Z] INFO: User fetched: test3
[2025-04-09T06:17:40.629Z] INFO: Fetching profile picture with key: profile-pictures/USER#05a36378-3c64-46b6-b73f-46495a929d7c.jpg
[2025-04-09T06:17:40.631Z] INFO: Profile picture retrieved successfully for user: test3
[2025-04-09T06:17:40.635Z] INFO: Fetching user with username: test3
[2025-04-09T06:17:40.679Z] INFO: Fetching profile picture with key: profile-pictures/USER#05a36378-3c64-46b6-b73f-46495a929d7c.jpg
[2025-04-09T06:17:40.681Z] INFO: Profile picture retrieved successfully for user: test3
